Flow report for RS232coincidencecounter
Wed Apr 30 15:56:31 2008
Quartus II Version 7.2 Build 203 02/05/2008 Service Pack 2 SJ Web Edition


---------------------
; Table of Contents ;
---------------------
  1. Legal Notice
  2. Flow Summary
  3. Flow Settings
  4. Flow Non-Default Global Settings
  5. Flow Elapsed Time
  6. Flow Log



----------------
; Legal Notice ;
----------------
Copyright (C) 1991-2007 Altera Corporation
Your use of Altera Corporation's design tools, logic functions 
and other software and tools, and its AMPP partner logic 
functions, and any output files from any of the foregoing 
(including device programming or simulation files), and any 
associated documentation or information are expressly subject 
to the terms and conditions of the Altera Program License 
Subscription Agreement, Altera MegaCore Function License 
Agreement, or other applicable license agreement, including, 
without limitation, that your use is for the sole purpose of 
programming logic devices manufactured by Altera and sold by 
Altera or its authorized distributors.  Please refer to the 
applicable agreement for further details.



+-----------------------------------------------------------------------------------+
; Flow Summary                                                                      ;
+------------------------------------+----------------------------------------------+
; Flow Status                        ; Successful - Wed Apr 30 15:56:31 2008        ;
; Quartus II Version                 ; 7.2 Build 203 02/05/2008 SP 2 SJ Web Edition ;
; Revision Name                      ; RS232coincidencecounter                      ;
; Top-level Entity Name              ; RS232coincidencecounter                      ;
; Family                             ; Cyclone II                                   ;
; Device                             ; EP2C35F672C6                                 ;
; Timing Models                      ; Final                                        ;
; Met timing requirements            ; N/A                                          ;
; Total logic elements               ; 740 / 33,216 ( 2 % )                         ;
;     Total combinational functions  ; 580 / 33,216 ( 2 % )                         ;
;     Dedicated logic registers      ; 579 / 33,216 ( 2 % )                         ;
; Total registers                    ; 579                                          ;
; Total pins                         ; 151 / 475 ( 32 % )                           ;
; Total virtual pins                 ; 0                                            ;
; Total memory bits                  ; 3,072 / 483,840 ( < 1 % )                    ;
; Embedded Multiplier 9-bit elements ; 0 / 70 ( 0 % )                               ;
; Total PLLs                         ; 0 / 4 ( 0 % )                                ;
+------------------------------------+----------------------------------------------+


+---------------------------------------------+
; Flow Settings                               ;
+-------------------+-------------------------+
; Option            ; Setting                 ;
+-------------------+-------------------------+
; Start date & time ; 04/25/2008 15:50:05     ;
; Main task         ; Compilation             ;
; Revision Name     ; RS232coincidencecounter ;
+-------------------+-------------------------+


+-----------------------------------------------------------------------------+
; Flow Non-Default Global Settings                                            ;
+------------------------+---------+---------------+-------------+------------+
; Assignment Name        ; Value   ; Default Value ; Entity Name ; Section Id ;
+------------------------+---------+---------------+-------------+------------+
; PARTITION_COLOR        ; 2147039 ; --            ; --          ; Top        ;
; PARTITION_NETLIST_TYPE ; SOURCE  ; --            ; --          ; Top        ;
+------------------------+---------+---------------+-------------+------------+


+------------------------------------------------------------------+
; Flow Elapsed Time                                                ;
+-------------------------+--------------+-------------------------+
; Module Name             ; Elapsed Time ; Average Processors Used ;
+-------------------------+--------------+-------------------------+
; Analysis & Synthesis    ; 00:00:23     ; 1.0                     ;
; Fitter                  ; 00:00:25     ; 1.0                     ;
; Assembler               ; 00:00:13     ; 1.0                     ;
; Classic Timing Analyzer ; 00:00:04     ; 1.0                     ;
; Fitter                  ; 00:00:17     ; 1.0                     ;
; Assembler               ; 00:00:11     ; 1.0                     ;
; Fitter                  ; 00:00:17     ; 1.0                     ;
; Assembler               ; 00:00:11     ; 1.0                     ;
; Fitter                  ; 00:00:17     ; 1.0                     ;
; Assembler               ; 00:00:11     ; 1.0                     ;
; Fitter                  ; 00:00:17     ; 1.0                     ;
; Assembler               ; 00:00:12     ; 1.0                     ;
; Fitter                  ; 00:00:17     ; 1.0                     ;
; Assembler               ; 00:00:12     ; 1.0                     ;
; Fitter                  ; 00:00:19     ; 1.0                     ;
; Assembler               ; 00:00:11     ; 1.0                     ;
; Fitter                  ; 00:00:16     ; 1.0                     ;
; Assembler               ; 00:00:11     ; 1.0                     ;
; Fitter                  ; 00:00:23     ; 1.0                     ;
; Assembler               ; 00:00:13     ; 1.0                     ;
; Fitter                  ; 00:00:17     ; 1.0                     ;
; Assembler               ; 00:00:12     ; 1.0                     ;
; Fitter                  ; 00:00:17     ; 1.0                     ;
; Assembler               ; 00:00:11     ; 1.0                     ;
; Fitter                  ; 00:00:16     ; 1.0                     ;
; Assembler               ; 00:00:12     ; 1.0                     ;
; Fitter                  ; 00:00:16     ; 1.0                     ;
; Assembler               ; 00:00:12     ; 1.0                     ;
; Fitter                  ; 00:00:16     ; 1.0                     ;
; Assembler               ; 00:00:12     ; 1.0                     ;
; Total                   ; 00:07:21     ; --                      ;
+-------------------------+--------------+-------------------------+


------------
; Flow Log ;
------------
quartus_map --read_settings_files=on --write_settings_files=off RS232coincidencecounter -c RS232coincidencecounter
quartus_fit --read_settings_files=off --write_settings_files=off RS232coincidencecounter -c RS232coincidencecounter
quartus_asm --read_settings_files=off --write_settings_files=off RS232coincidencecounter -c RS232coincidencecounter
quartus_tan --read_settings_files=off --write_settings_files=off RS232coincidencecounter -c RS232coincidencecounter --timing_analysis_only
quartus_fit --read_settings_files=on --write_settings_files=off RS232coincidencecounter -c RS232coincidencecounter --eco
quartus_asm --read_settings_files=off --write_settings_files=off RS232coincidencecounter -c RS232coincidencecounter
quartus_fit --read_settings_files=on --write_settings_files=off RS232coincidencecounter -c RS232coincidencecounter --eco
quartus_asm --read_settings_files=off --write_settings_files=off RS232coincidencecounter -c RS232coincidencecounter
quartus_fit --read_settings_files=on --write_settings_files=off RS232coincidencecounter -c RS232coincidencecounter --eco
quartus_asm --read_settings_files=off --write_settings_files=off RS232coincidencecounter -c RS232coincidencecounter
quartus_fit --read_settings_files=on --write_settings_files=off RS232coincidencecounter -c RS232coincidencecounter --eco
quartus_asm --read_settings_files=off --write_settings_files=off RS232coincidencecounter -c RS232coincidencecounter
quartus_fit --read_settings_files=on --write_settings_files=off RS232coincidencecounter -c RS232coincidencecounter --eco
quartus_asm --read_settings_files=off --write_settings_files=off RS232coincidencecounter -c RS232coincidencecounter
quartus_fit --read_settings_files=on --write_settings_files=off RS232coincidencecounter -c RS232coincidencecounter --eco
quartus_asm --read_settings_files=off --write_settings_files=off RS232coincidencecounter -c RS232coincidencecounter
quartus_fit --read_settings_files=on --write_settings_files=off RS232coincidencecounter -c RS232coincidencecounter --eco
quartus_asm --read_settings_files=off --write_settings_files=off RS232coincidencecounter -c RS232coincidencecounter
quartus_fit --read_settings_files=on --write_settings_files=off RS232coincidencecounter -c RS232coincidencecounter --eco
quartus_asm --read_settings_files=off --write_settings_files=off RS232coincidencecounter -c RS232coincidencecounter
quartus_fit --read_settings_files=on --write_settings_files=off RS232coincidencecounter -c RS232coincidencecounter --eco
quartus_asm --read_settings_files=off --write_settings_files=off RS232coincidencecounter -c RS232coincidencecounter
quartus_fit --read_settings_files=on --write_settings_files=off RS232coincidencecounter -c RS232coincidencecounter --eco
quartus_asm --read_settings_files=off --write_settings_files=off RS232coincidencecounter -c RS232coincidencecounter
quartus_fit --read_settings_files=on --write_settings_files=off RS232coincidencecounter -c RS232coincidencecounter --eco
quartus_asm --read_settings_files=off --write_settings_files=off RS232coincidencecounter -c RS232coincidencecounter
quartus_fit --read_settings_files=on --write_settings_files=off RS232coincidencecounter -c RS232coincidencecounter --eco
quartus_asm --read_settings_files=off --write_settings_files=off RS232coincidencecounter -c RS232coincidencecounter
quartus_fit --read_settings_files=on --write_settings_files=off RS232coincidencecounter -c RS232coincidencecounter --eco
quartus_asm --read_settings_files=off --write_settings_files=off RS232coincidencecounter -c RS232coincidencecounter



